{"E:\\New folder\\mern-todo-app\\TODO\\todo_backend\\server.js": {"path":"E:\\New folder\\mern-todo-app\\TODO\\todo_backend\\server.js","statementMap":{"0":{"start":{"line":1,"column":16},"end":{"line":1,"column":34}},"1":{"start":{"line":2,"column":17},"end":{"line":2,"column":36}},"2":{"start":{"line":3,"column":13},"end":{"line":3,"column":28}},"3":{"start":{"line":4,"column":18},"end":{"line":4,"column":42}},"4":{"start":{"line":6,"column":12},"end":{"line":6,"column":21}},"5":{"start":{"line":7,"column":0},"end":{"line":7,"column":16}},"6":{"start":{"line":8,"column":0},"end":{"line":8,"column":24}},"7":{"start":{"line":11,"column":18},"end":{"line":19,"column":1}},"8":{"start":{"line":12,"column":2},"end":{"line":18,"column":3}},"9":{"start":{"line":13,"column":4},"end":{"line":13,"column":61}},"10":{"start":{"line":14,"column":4},"end":{"line":14,"column":37}},"11":{"start":{"line":16,"column":4},"end":{"line":16,"column":55}},"12":{"start":{"line":17,"column":4},"end":{"line":17,"column":20}},"13":{"start":{"line":22,"column":0},"end":{"line":37,"column":3}},"14":{"start":{"line":23,"column":2},"end":{"line":36,"column":3}},"15":{"start":{"line":24,"column":21},"end":{"line":24,"column":29}},"16":{"start":{"line":27,"column":4},"end":{"line":29,"column":5}},"17":{"start":{"line":28,"column":6},"end":{"line":28,"column":65}},"18":{"start":{"line":31,"column":19},"end":{"line":31,"column":64}},"19":{"start":{"line":32,"column":4},"end":{"line":32,"column":33}},"20":{"start":{"line":34,"column":4},"end":{"line":34,"column":21}},"21":{"start":{"line":35,"column":4},"end":{"line":35,"column":61}},"22":{"start":{"line":39,"column":0},"end":{"line":47,"column":3}},"23":{"start":{"line":40,"column":2},"end":{"line":46,"column":3}},"24":{"start":{"line":41,"column":19},"end":{"line":41,"column":41}},"25":{"start":{"line":42,"column":4},"end":{"line":42,"column":21}},"26":{"start":{"line":44,"column":4},"end":{"line":44,"column":21}},"27":{"start":{"line":45,"column":4},"end":{"line":45,"column":61}},"28":{"start":{"line":49,"column":0},"end":{"line":69,"column":3}},"29":{"start":{"line":50,"column":2},"end":{"line":68,"column":3}},"30":{"start":{"line":51,"column":19},"end":{"line":51,"column":29}},"31":{"start":{"line":54,"column":4},"end":{"line":56,"column":5}},"32":{"start":{"line":55,"column":6},"end":{"line":55,"column":66}},"33":{"start":{"line":58,"column":19},"end":{"line":58,"column":87}},"34":{"start":{"line":60,"column":4},"end":{"line":62,"column":5}},"35":{"start":{"line":61,"column":6},"end":{"line":61,"column":63}},"36":{"start":{"line":64,"column":4},"end":{"line":64,"column":21}},"37":{"start":{"line":66,"column":4},"end":{"line":66,"column":21}},"38":{"start":{"line":67,"column":4},"end":{"line":67,"column":61}},"39":{"start":{"line":71,"column":0},"end":{"line":97,"column":3}},"40":{"start":{"line":72,"column":2},"end":{"line":96,"column":3}},"41":{"start":{"line":73,"column":19},"end":{"line":73,"column":29}},"42":{"start":{"line":74,"column":21},"end":{"line":74,"column":29}},"43":{"start":{"line":77,"column":4},"end":{"line":79,"column":5}},"44":{"start":{"line":78,"column":6},"end":{"line":78,"column":66}},"45":{"start":{"line":82,"column":4},"end":{"line":84,"column":5}},"46":{"start":{"line":83,"column":6},"end":{"line":83,"column":65}},"47":{"start":{"line":86,"column":19},"end":{"line":86,"column":94}},"48":{"start":{"line":88,"column":4},"end":{"line":90,"column":5}},"49":{"start":{"line":89,"column":6},"end":{"line":89,"column":63}},"50":{"start":{"line":92,"column":4},"end":{"line":92,"column":21}},"51":{"start":{"line":94,"column":4},"end":{"line":94,"column":21}},"52":{"start":{"line":95,"column":4},"end":{"line":95,"column":61}},"53":{"start":{"line":99,"column":0},"end":{"line":119,"column":3}},"54":{"start":{"line":100,"column":2},"end":{"line":118,"column":3}},"55":{"start":{"line":101,"column":19},"end":{"line":101,"column":29}},"56":{"start":{"line":104,"column":4},"end":{"line":106,"column":5}},"57":{"start":{"line":105,"column":6},"end":{"line":105,"column":66}},"58":{"start":{"line":108,"column":19},"end":{"line":108,"column":56}},"59":{"start":{"line":110,"column":4},"end":{"line":112,"column":5}},"60":{"start":{"line":111,"column":6},"end":{"line":111,"column":63}},"61":{"start":{"line":114,"column":4},"end":{"line":114,"column":76}},"62":{"start":{"line":116,"column":4},"end":{"line":116,"column":21}},"63":{"start":{"line":117,"column":4},"end":{"line":117,"column":61}},"64":{"start":{"line":122,"column":0},"end":{"line":128,"column":3}},"65":{"start":{"line":123,"column":2},"end":{"line":127,"column":5}},"66":{"start":{"line":131,"column":0},"end":{"line":133,"column":3}},"67":{"start":{"line":132,"column":2},"end":{"line":132,"column":53}},"68":{"start":{"line":136,"column":0},"end":{"line":139,"column":3}},"69":{"start":{"line":137,"column":2},"end":{"line":137,"column":48}},"70":{"start":{"line":138,"column":2},"end":{"line":138,"column":59}},"71":{"start":{"line":142,"column":0},"end":{"line":148,"column":1}},"72":{"start":{"line":143,"column":2},"end":{"line":147,"column":5}},"73":{"start":{"line":144,"column":4},"end":{"line":146,"column":7}},"74":{"start":{"line":145,"column":6},"end":{"line":145,"column":52}},"75":{"start":{"line":150,"column":0},"end":{"line":150,"column":21}}},"fnMap":{"0":{"name":"(anonymous_0)","decl":{"start":{"line":11,"column":18},"end":{"line":11,"column":19}},"loc":{"start":{"line":11,"column":30},"end":{"line":19,"column":1}},"line":11},"1":{"name":"(anonymous_1)","decl":{"start":{"line":22,"column":17},"end":{"line":22,"column":18}},"loc":{"start":{"line":22,"column":37},"end":{"line":37,"column":1}},"line":22},"2":{"name":"(anonymous_2)","decl":{"start":{"line":39,"column":16},"end":{"line":39,"column":17}},"loc":{"start":{"line":39,"column":36},"end":{"line":47,"column":1}},"line":39},"3":{"name":"(anonymous_3)","decl":{"start":{"line":49,"column":21},"end":{"line":49,"column":22}},"loc":{"start":{"line":49,"column":41},"end":{"line":69,"column":1}},"line":49},"4":{"name":"(anonymous_4)","decl":{"start":{"line":71,"column":23},"end":{"line":71,"column":24}},"loc":{"start":{"line":71,"column":43},"end":{"line":97,"column":1}},"line":71},"5":{"name":"(anonymous_5)","decl":{"start":{"line":99,"column":26},"end":{"line":99,"column":27}},"loc":{"start":{"line":99,"column":46},"end":{"line":119,"column":1}},"line":99},"6":{"name":"(anonymous_6)","decl":{"start":{"line":122,"column":19},"end":{"line":122,"column":20}},"loc":{"start":{"line":122,"column":33},"end":{"line":128,"column":1}},"line":122},"7":{"name":"(anonymous_7)","decl":{"start":{"line":131,"column":13},"end":{"line":131,"column":14}},"loc":{"start":{"line":131,"column":27},"end":{"line":133,"column":1}},"line":131},"8":{"name":"(anonymous_8)","decl":{"start":{"line":136,"column":8},"end":{"line":136,"column":9}},"loc":{"start":{"line":136,"column":35},"end":{"line":139,"column":1}},"line":136},"9":{"name":"(anonymous_9)","decl":{"start":{"line":143,"column":19},"end":{"line":143,"column":20}},"loc":{"start":{"line":143,"column":25},"end":{"line":147,"column":3}},"line":143},"10":{"name":"(anonymous_10)","decl":{"start":{"line":144,"column":21},"end":{"line":144,"column":22}},"loc":{"start":{"line":144,"column":27},"end":{"line":146,"column":5}},"line":144}},"branchMap":{"0":{"loc":{"start":{"line":27,"column":4},"end":{"line":29,"column":5}},"type":"if","locations":[{"start":{"line":27,"column":4},"end":{"line":29,"column":5}},{"start":{},"end":{}}],"line":27},"1":{"loc":{"start":{"line":27,"column":8},"end":{"line":27,"column":35}},"type":"binary-expr","locations":[{"start":{"line":27,"column":8},"end":{"line":27,"column":13}},{"start":{"line":27,"column":17},"end":{"line":27,"column":35}}],"line":27},"2":{"loc":{"start":{"line":54,"column":4},"end":{"line":56,"column":5}},"type":"if","locations":[{"start":{"line":54,"column":4},"end":{"line":56,"column":5}},{"start":{},"end":{}}],"line":54},"3":{"loc":{"start":{"line":60,"column":4},"end":{"line":62,"column":5}},"type":"if","locations":[{"start":{"line":60,"column":4},"end":{"line":62,"column":5}},{"start":{},"end":{}}],"line":60},"4":{"loc":{"start":{"line":77,"column":4},"end":{"line":79,"column":5}},"type":"if","locations":[{"start":{"line":77,"column":4},"end":{"line":79,"column":5}},{"start":{},"end":{}}],"line":77},"5":{"loc":{"start":{"line":82,"column":4},"end":{"line":84,"column":5}},"type":"if","locations":[{"start":{"line":82,"column":4},"end":{"line":84,"column":5}},{"start":{},"end":{}}],"line":82},"6":{"loc":{"start":{"line":82,"column":8},"end":{"line":82,"column":35}},"type":"binary-expr","locations":[{"start":{"line":82,"column":8},"end":{"line":82,"column":13}},{"start":{"line":82,"column":17},"end":{"line":82,"column":35}}],"line":82},"7":{"loc":{"start":{"line":88,"column":4},"end":{"line":90,"column":5}},"type":"if","locations":[{"start":{"line":88,"column":4},"end":{"line":90,"column":5}},{"start":{},"end":{}}],"line":88},"8":{"loc":{"start":{"line":104,"column":4},"end":{"line":106,"column":5}},"type":"if","locations":[{"start":{"line":104,"column":4},"end":{"line":106,"column":5}},{"start":{},"end":{}}],"line":104},"9":{"loc":{"start":{"line":110,"column":4},"end":{"line":112,"column":5}},"type":"if","locations":[{"start":{"line":110,"column":4},"end":{"line":112,"column":5}},{"start":{},"end":{}}],"line":110},"10":{"loc":{"start":{"line":142,"column":0},"end":{"line":148,"column":1}},"type":"if","locations":[{"start":{"line":142,"column":0},"end":{"line":148,"column":1}},{"start":{},"end":{}}],"line":142}},"s":{"0":0,"1":0,"2":0,"3":0,"4":0,"5":0,"6":0,"7":0,"8":0,"9":0,"10":0,"11":0,"12":0,"13":0,"14":0,"15":0,"16":0,"17":0,"18":0,"19":0,"20":0,"21":0,"22":0,"23":0,"24":0,"25":0,"26":0,"27":0,"28":0,"29":0,"30":0,"31":0,"32":0,"33":0,"34":0,"35":0,"36":0,"37":0,"38":0,"39":0,"40":0,"41":0,"42":0,"43":0,"44":0,"45":0,"46":0,"47":0,"48":0,"49":0,"50":0,"51":0,"52":0,"53":0,"54":0,"55":0,"56":0,"57":0,"58":0,"59":0,"60":0,"61":0,"62":0,"63":0,"64":0,"65":0,"66":0,"67":0,"68":0,"69":0,"70":0,"71":0,"72":0,"73":0,"74":0,"75":0},"f":{"0":0,"1":0,"2":0,"3":0,"4":0,"5":0,"6":0,"7":0,"8":0,"9":0,"10":0},"b":{"0":[0,0],"1":[0,0],"2":[0,0],"3":[0,0],"4":[0,0],"5":[0,0],"6":[0,0],"7":[0,0],"8":[0,0],"9":[0,0],"10":[0,0]}}
,"E:\\New folder\\mern-todo-app\\TODO\\todo_backend\\models\\Todo.js": {"path":"E:\\New folder\\mern-todo-app\\TODO\\todo_backend\\models\\Todo.js","statementMap":{"0":{"start":{"line":1,"column":17},"end":{"line":1,"column":36}},"1":{"start":{"line":3,"column":19},"end":{"line":17,"column":1}},"2":{"start":{"line":19,"column":18},"end":{"line":19,"column":53}},"3":{"start":{"line":21,"column":0},"end":{"line":21,"column":27}}},"fnMap":{},"branchMap":{},"s":{"0":0,"1":0,"2":0,"3":0},"f":{},"b":{}}
,"E:\\New folder\\mern-todo-app\\TODO\\todo_backend\\utils\\validators.js": {"path":"E:\\New folder\\mern-todo-app\\TODO\\todo_backend\\utils\\validators.js","statementMap":{"0":{"start":{"line":6,"column":22},"end":{"line":56,"column":1}},"1":{"start":{"line":7,"column":2},"end":{"line":9,"column":3}},"2":{"start":{"line":8,"column":4},"end":{"line":8,"column":17}},"3":{"start":{"line":11,"column":23},"end":{"line":11,"column":35}},"4":{"start":{"line":12,"column":2},"end":{"line":14,"column":3}},"5":{"start":{"line":13,"column":4},"end":{"line":13,"column":17}},"6":{"start":{"line":17,"column":18},"end":{"line":17,"column":57}},"7":{"start":{"line":18,"column":2},"end":{"line":20,"column":3}},"8":{"start":{"line":19,"column":4},"end":{"line":19,"column":17}},"9":{"start":{"line":22,"column":34},"end":{"line":22,"column":57}},"10":{"start":{"line":24,"column":2},"end":{"line":26,"column":3}},"11":{"start":{"line":25,"column":4},"end":{"line":25,"column":17}},"12":{"start":{"line":28,"column":2},"end":{"line":30,"column":3}},"13":{"start":{"line":29,"column":4},"end":{"line":29,"column":17}},"14":{"start":{"line":32,"column":2},"end":{"line":35,"column":3}},"15":{"start":{"line":34,"column":4},"end":{"line":34,"column":17}},"16":{"start":{"line":37,"column":21},"end":{"line":37,"column":59}},"17":{"start":{"line":38,"column":2},"end":{"line":40,"column":3}},"18":{"start":{"line":39,"column":4},"end":{"line":39,"column":17}},"19":{"start":{"line":42,"column":26},"end":{"line":42,"column":46}},"20":{"start":{"line":43,"column":27},"end":{"line":43,"column":45}},"21":{"start":{"line":45,"column":2},"end":{"line":47,"column":3}},"22":{"start":{"line":46,"column":4},"end":{"line":46,"column":17}},"23":{"start":{"line":49,"column":16},"end":{"line":49,"column":37}},"24":{"start":{"line":50,"column":19},"end":{"line":50,"column":42}},"25":{"start":{"line":51,"column":2},"end":{"line":53,"column":3}},"26":{"start":{"line":52,"column":4},"end":{"line":52,"column":17}},"27":{"start":{"line":55,"column":2},"end":{"line":55,"column":14}},"28":{"start":{"line":63,"column":42},"end":{"line":70,"column":1}},"29":{"start":{"line":64,"column":2},"end":{"line":66,"column":3}},"30":{"start":{"line":65,"column":4},"end":{"line":65,"column":13}},"31":{"start":{"line":68,"column":25},"end":{"line":68,"column":80}},"32":{"start":{"line":68,"column":46},"end":{"line":68,"column":72}},"33":{"start":{"line":69,"column":2},"end":{"line":69,"column":59}},"34":{"start":{"line":77,"column":25},"end":{"line":96,"column":1}},"35":{"start":{"line":78,"column":17},"end":{"line":78,"column":19}},"36":{"start":{"line":80,"column":2},"end":{"line":82,"column":3}},"37":{"start":{"line":81,"column":4},"end":{"line":81,"column":65}},"38":{"start":{"line":84,"column":2},"end":{"line":86,"column":3}},"39":{"start":{"line":85,"column":4},"end":{"line":85,"column":67}},"40":{"start":{"line":88,"column":2},"end":{"line":90,"column":3}},"41":{"start":{"line":89,"column":4},"end":{"line":89,"column":57}},"42":{"start":{"line":92,"column":2},"end":{"line":95,"column":4}},"43":{"start":{"line":103,"column":27},"end":{"line":113,"column":1}},"44":{"start":{"line":104,"column":2},"end":{"line":104,"column":25}},"45":{"start":{"line":104,"column":13},"end":{"line":104,"column":25}},"46":{"start":{"line":106,"column":2},"end":{"line":112,"column":4}},"47":{"start":{"line":115,"column":0},"end":{"line":120,"column":2}}},"fnMap":{"0":{"name":"(anonymous_0)","decl":{"start":{"line":6,"column":22},"end":{"line":6,"column":23}},"loc":{"start":{"line":6,"column":33},"end":{"line":56,"column":1}},"line":6},"1":{"name":"(anonymous_1)","decl":{"start":{"line":63,"column":42},"end":{"line":63,"column":43}},"loc":{"start":{"line":63,"column":53},"end":{"line":70,"column":1}},"line":63},"2":{"name":"(anonymous_2)","decl":{"start":{"line":68,"column":38},"end":{"line":68,"column":39}},"loc":{"start":{"line":68,"column":46},"end":{"line":68,"column":72}},"line":68},"3":{"name":"(anonymous_3)","decl":{"start":{"line":77,"column":25},"end":{"line":77,"column":26}},"loc":{"start":{"line":77,"column":39},"end":{"line":96,"column":1}},"line":77},"4":{"name":"(anonymous_4)","decl":{"start":{"line":103,"column":27},"end":{"line":103,"column":28}},"loc":{"start":{"line":103,"column":37},"end":{"line":113,"column":1}},"line":103}},"branchMap":{"0":{"loc":{"start":{"line":7,"column":2},"end":{"line":9,"column":3}},"type":"if","locations":[{"start":{"line":7,"column":2},"end":{"line":9,"column":3}},{"start":{},"end":{}}],"line":7},"1":{"loc":{"start":{"line":7,"column":6},"end":{"line":7,"column":72}},"type":"binary-expr","locations":[{"start":{"line":7,"column":6},"end":{"line":7,"column":20}},{"start":{"line":7,"column":24},"end":{"line":7,"column":43}},{"start":{"line":7,"column":47},"end":{"line":7,"column":72}}],"line":7},"2":{"loc":{"start":{"line":12,"column":2},"end":{"line":14,"column":3}},"type":"if","locations":[{"start":{"line":12,"column":2},"end":{"line":14,"column":3}},{"start":{},"end":{}}],"line":12},"3":{"loc":{"start":{"line":17,"column":19},"end":{"line":17,"column":49}},"type":"binary-expr","locations":[{"start":{"line":17,"column":19},"end":{"line":17,"column":43}},{"start":{"line":17,"column":47},"end":{"line":17,"column":49}}],"line":17},"4":{"loc":{"start":{"line":18,"column":2},"end":{"line":20,"column":3}},"type":"if","locations":[{"start":{"line":18,"column":2},"end":{"line":20,"column":3}},{"start":{},"end":{}}],"line":18},"5":{"loc":{"start":{"line":24,"column":2},"end":{"line":26,"column":3}},"type":"if","locations":[{"start":{"line":24,"column":2},"end":{"line":26,"column":3}},{"start":{},"end":{}}],"line":24},"6":{"loc":{"start":{"line":24,"column":6},"end":{"line":24,"column":84}},"type":"binary-expr","locations":[{"start":{"line":24,"column":6},"end":{"line":24,"column":16}},{"start":{"line":24,"column":20},"end":{"line":24,"column":31}},{"start":{"line":24,"column":35},"end":{"line":24,"column":57}},{"start":{"line":24,"column":61},"end":{"line":24,"column":84}}],"line":24},"7":{"loc":{"start":{"line":28,"column":2},"end":{"line":30,"column":3}},"type":"if","locations":[{"start":{"line":28,"column":2},"end":{"line":30,"column":3}},{"start":{},"end":{}}],"line":28},"8":{"loc":{"start":{"line":28,"column":6},"end":{"line":28,"column":63}},"type":"binary-expr","locations":[{"start":{"line":28,"column":6},"end":{"line":28,"column":32}},{"start":{"line":28,"column":36},"end":{"line":28,"column":63}}],"line":28},"9":{"loc":{"start":{"line":32,"column":2},"end":{"line":35,"column":3}},"type":"if","locations":[{"start":{"line":32,"column":2},"end":{"line":35,"column":3}},{"start":{},"end":{}}],"line":32},"10":{"loc":{"start":{"line":32,"column":6},"end":{"line":33,"column":60}},"type":"binary-expr","locations":[{"start":{"line":32,"column":6},"end":{"line":32,"column":31}},{"start":{"line":32,"column":35},"end":{"line":32,"column":58}},{"start":{"line":33,"column":6},"end":{"line":33,"column":32}},{"start":{"line":33,"column":36},"end":{"line":33,"column":60}}],"line":32},"11":{"loc":{"start":{"line":37,"column":22},"end":{"line":37,"column":51}},"type":"binary-expr","locations":[{"start":{"line":37,"column":22},"end":{"line":37,"column":45}},{"start":{"line":37,"column":49},"end":{"line":37,"column":51}}],"line":37},"12":{"loc":{"start":{"line":38,"column":2},"end":{"line":40,"column":3}},"type":"if","locations":[{"start":{"line":38,"column":2},"end":{"line":40,"column":3}},{"start":{},"end":{}}],"line":38},"13":{"loc":{"start":{"line":45,"column":2},"end":{"line":47,"column":3}},"type":"if","locations":[{"start":{"line":45,"column":2},"end":{"line":47,"column":3}},{"start":{},"end":{}}],"line":45},"14":{"loc":{"start":{"line":45,"column":6},"end":{"line":45,"column":76}},"type":"binary-expr","locations":[{"start":{"line":45,"column":6},"end":{"line":45,"column":38}},{"start":{"line":45,"column":42},"end":{"line":45,"column":76}}],"line":45},"15":{"loc":{"start":{"line":51,"column":2},"end":{"line":53,"column":3}},"type":"if","locations":[{"start":{"line":51,"column":2},"end":{"line":53,"column":3}},{"start":{},"end":{}}],"line":51},"16":{"loc":{"start":{"line":51,"column":6},"end":{"line":51,"column":38}},"type":"binary-expr","locations":[{"start":{"line":51,"column":6},"end":{"line":51,"column":15}},{"start":{"line":51,"column":19},"end":{"line":51,"column":38}}],"line":51},"17":{"loc":{"start":{"line":64,"column":2},"end":{"line":66,"column":3}},"type":"if","locations":[{"start":{"line":64,"column":2},"end":{"line":66,"column":3}},{"start":{},"end":{}}],"line":64},"18":{"loc":{"start":{"line":64,"column":6},"end":{"line":64,"column":49}},"type":"binary-expr","locations":[{"start":{"line":64,"column":6},"end":{"line":64,"column":27}},{"start":{"line":64,"column":31},"end":{"line":64,"column":49}}],"line":64},"19":{"loc":{"start":{"line":68,"column":46},"end":{"line":68,"column":72}},"type":"binary-expr","locations":[{"start":{"line":68,"column":46},"end":{"line":68,"column":50}},{"start":{"line":68,"column":54},"end":{"line":68,"column":72}}],"line":68},"20":{"loc":{"start":{"line":80,"column":2},"end":{"line":82,"column":3}},"type":"if","locations":[{"start":{"line":80,"column":2},"end":{"line":82,"column":3}},{"start":{},"end":{}}],"line":80},"21":{"loc":{"start":{"line":84,"column":2},"end":{"line":86,"column":3}},"type":"if","locations":[{"start":{"line":84,"column":2},"end":{"line":86,"column":3}},{"start":{},"end":{}}],"line":84},"22":{"loc":{"start":{"line":84,"column":6},"end":{"line":84,"column":88}},"type":"binary-expr","locations":[{"start":{"line":84,"column":6},"end":{"line":84,"column":20}},{"start":{"line":84,"column":24},"end":{"line":84,"column":57}},{"start":{"line":84,"column":61},"end":{"line":84,"column":88}}],"line":84},"23":{"loc":{"start":{"line":88,"column":2},"end":{"line":90,"column":3}},"type":"if","locations":[{"start":{"line":88,"column":2},"end":{"line":90,"column":3}},{"start":{},"end":{}}],"line":88},"24":{"loc":{"start":{"line":88,"column":6},"end":{"line":88,"column":49}},"type":"binary-expr","locations":[{"start":{"line":88,"column":6},"end":{"line":88,"column":19}},{"start":{"line":88,"column":23},"end":{"line":88,"column":49}}],"line":88},"25":{"loc":{"start":{"line":104,"column":2},"end":{"line":104,"column":25}},"type":"if","locations":[{"start":{"line":104,"column":2},"end":{"line":104,"column":25}},{"start":{},"end":{}}],"line":104},"26":{"loc":{"start":{"line":109,"column":10},"end":{"line":109,"column":28}},"type":"binary-expr","locations":[{"start":{"line":109,"column":10},"end":{"line":109,"column":19}},{"start":{"line":109,"column":23},"end":{"line":109,"column":28}}],"line":109}},"s":{"0":1,"1":0,"2":0,"3":0,"4":0,"5":0,"6":0,"7":0,"8":0,"9":0,"10":0,"11":0,"12":0,"13":0,"14":0,"15":0,"16":0,"17":0,"18":0,"19":0,"20":0,"21":0,"22":0,"23":0,"24":0,"25":0,"26":0,"27":0,"28":1,"29":0,"30":0,"31":0,"32":0,"33":0,"34":1,"35":0,"36":0,"37":0,"38":0,"39":0,"40":0,"41":0,"42":0,"43":1,"44":0,"45":0,"46":0,"47":1},"f":{"0":0,"1":0,"2":0,"3":0,"4":0},"b":{"0":[0,0],"1":[0,0,0],"2":[0,0],"3":[0,0],"4":[0,0],"5":[0,0],"6":[0,0,0,0],"7":[0,0],"8":[0,0],"9":[0,0],"10":[0,0,0,0],"11":[0,0],"12":[0,0],"13":[0,0],"14":[0,0],"15":[0,0],"16":[0,0],"17":[0,0],"18":[0,0],"19":[0,0],"20":[0,0],"21":[0,0],"22":[0,0,0],"23":[0,0],"24":[0,0],"25":[0,0],"26":[0,0]},"_coverageSchema":"1a1c01bbd47fc00a2c39e90264f33305004495a9","hash":"b6c053f9a3dfdaeac88635264fac7157fbb85492"}
}
