TN:
SF:server.js
FN:15,(anonymous_0)
FN:17,(anonymous_1)
FN:22,(anonymous_2)
FN:28,(anonymous_3)
FN:46,(anonymous_4)
FN:56,(anonymous_5)
FN:76,(anonymous_6)
FN:101,(anonymous_7)
FN:131,(anonymous_8)
FNF:9
FNH:6
FNDA:0,(anonymous_0)
FNDA:0,(anonymous_1)
FNDA:0,(anonymous_2)
FNDA:1,(anonymous_3)
FNDA:3,(anonymous_4)
FNDA:20,(anonymous_5)
FNDA:3,(anonymous_6)
FNDA:5,(anonymous_7)
FNDA:3,(anonymous_8)
DA:1,1
DA:2,1
DA:3,1
DA:4,1
DA:6,1
DA:7,1
DA:8,1
DA:11,1
DA:12,0
DA:16,0
DA:18,0
DA:21,0
DA:22,0
DA:23,0
DA:28,1
DA:29,1
DA:30,1
DA:31,1
DA:37,0
DA:46,1
DA:47,3
DA:48,3
DA:49,3
DA:51,0
DA:56,1
DA:57,20
DA:58,20
DA:60,20
DA:61,2
DA:64,18
DA:68,18
DA:69,17
DA:71,1
DA:76,1
DA:77,3
DA:78,3
DA:80,3
DA:81,1
DA:84,2
DA:90,2
DA:91,1
DA:94,1
DA:96,0
DA:101,1
DA:102,5
DA:103,5
DA:104,5
DA:106,5
DA:107,1
DA:110,4
DA:111,1
DA:114,3
DA:120,3
DA:121,1
DA:124,2
DA:126,0
DA:131,1
DA:132,3
DA:133,3
DA:135,3
DA:136,1
DA:139,2
DA:141,2
DA:142,1
DA:145,1
DA:150,0
DA:154,1
LF:67
LH:56
BRDA:11,0,0,0
BRDA:11,0,1,1
BRDA:21,1,0,0
BRDA:21,1,1,0
BRDA:30,2,0,1
BRDA:30,2,1,0
BRDA:60,3,0,2
BRDA:60,3,1,18
BRDA:60,4,0,20
BRDA:60,4,1,18
BRDA:80,5,0,1
BRDA:80,5,1,2
BRDA:90,6,0,1
BRDA:90,6,1,1
BRDA:106,7,0,1
BRDA:106,7,1,4
BRDA:110,8,0,1
BRDA:110,8,1,3
BRDA:110,9,0,4
BRDA:110,9,1,3
BRDA:120,10,0,1
BRDA:120,10,1,2
BRDA:135,11,0,1
BRDA:135,11,1,2
BRDA:141,12,0,1
BRDA:141,12,1,1
BRF:26
BRH:22
end_of_record
TN:
SF:models\Todo.js
FNF:0
FNH:0
DA:1,1
DA:3,1
DA:19,1
DA:21,1
LF:4
LH:4
BRF:0
BRH:0
end_of_record
TN:
SF:utils\validators.js
FN:6,(anonymous_0)
FN:63,(anonymous_1)
FN:68,(anonymous_2)
FN:77,(anonymous_3)
FN:103,(anonymous_4)
FNF:5
FNH:5
FNDA:27,(anonymous_0)
FNDA:13,(anonymous_1)
FNDA:18,(anonymous_2)
FNDA:11,(anonymous_3)
FNDA:4,(anonymous_4)
DA:6,1
DA:7,27
DA:8,6
DA:11,21
DA:12,21
DA:13,3
DA:17,18
DA:18,18
DA:19,2
DA:22,16
DA:24,16
DA:25,2
DA:28,14
DA:29,3
DA:32,11
DA:34,2
DA:37,9
DA:38,9
DA:39,1
DA:42,8
DA:43,8
DA:45,8
DA:46,0
DA:49,8
DA:50,8
DA:51,8
DA:52,0
DA:55,8
DA:63,1
DA:64,13
DA:65,5
DA:68,18
DA:69,8
DA:77,1
DA:78,11
DA:80,11
DA:81,2
DA:84,9
DA:85,6
DA:88,9
DA:89,1
DA:92,9
DA:103,1
DA:104,4
DA:106,2
DA:115,1
LF:46
LH:44
BRDA:7,0,0,6
BRDA:7,0,1,21
BRDA:7,1,0,27
BRDA:7,1,1,25
BRDA:7,1,2,23
BRDA:12,2,0,3
BRDA:12,2,1,18
BRDA:17,3,0,18
BRDA:17,3,1,1
BRDA:18,4,0,2
BRDA:18,4,1,16
BRDA:24,5,0,2
BRDA:24,5,1,14
BRDA:24,6,0,16
BRDA:24,6,1,15
BRDA:24,6,2,14
BRDA:24,6,3,14
BRDA:28,7,0,3
BRDA:28,7,1,11
BRDA:28,8,0,14
BRDA:28,8,1,12
BRDA:32,9,0,2
BRDA:32,9,1,9
BRDA:32,10,0,11
BRDA:32,10,1,11
BRDA:32,10,2,11
BRDA:32,10,3,10
BRDA:37,11,0,9
BRDA:37,11,1,1
BRDA:38,12,0,1
BRDA:38,12,1,8
BRDA:45,13,0,0
BRDA:45,13,1,8
BRDA:45,14,0,8
BRDA:45,14,1,8
BRDA:51,15,0,0
BRDA:51,15,1,8
BRDA:51,16,0,8
BRDA:51,16,1,8
BRDA:64,17,0,5
BRDA:64,17,1,8
BRDA:64,18,0,13
BRDA:64,18,1,9
BRDA:68,19,0,18
BRDA:68,19,1,18
BRDA:80,20,0,2
BRDA:80,20,1,9
BRDA:84,21,0,6
BRDA:84,21,1,3
BRDA:84,22,0,9
BRDA:84,22,1,4
BRDA:84,22,2,4
BRDA:88,23,0,1
BRDA:88,23,1,8
BRDA:88,24,0,9
BRDA:88,24,1,4
BRDA:104,25,0,2
BRDA:104,25,1,2
BRDA:109,26,0,2
BRDA:109,26,1,2
BRF:60
BRH:58
end_of_record
