TN:
SF:server.js
FN:18,(anonymous_0)
FN:21,(anonymous_1)
FN:22,(anonymous_2)
FN:26,(anonymous_3)
FN:28,(anonymous_4)
FN:29,(anonymous_5)
FN:32,(anonymous_6)
FN:35,(anonymous_7)
FN:36,(anonymous_8)
FN:39,(anonymous_9)
FN:43,(anonymous_10)
FN:44,(anonymous_11)
FN:47,(anonymous_12)
FN:50,(anonymous_13)
FN:51,(anonymous_14)
FNF:15
FNH:0
FNDA:0,(anonymous_0)
FNDA:0,(anonymous_1)
FNDA:0,(anonymous_2)
FNDA:0,(anonymous_3)
FNDA:0,(anonymous_4)
FNDA:0,(anonymous_5)
FNDA:0,(anonymous_6)
FNDA:0,(anonymous_7)
FNDA:0,(anonymous_8)
FNDA:0,(anonymous_9)
FNDA:0,(anonymous_10)
FNDA:0,(anonymous_11)
FNDA:0,(anonymous_12)
FNDA:0,(anonymous_13)
FNDA:0,(anonymous_14)
DA:1,1
DA:2,1
DA:3,1
DA:4,1
DA:6,1
DA:7,1
DA:8,1
DA:10,1
DA:14,1
DA:18,1
DA:19,0
DA:20,0
DA:21,0
DA:22,0
DA:26,1
DA:27,0
DA:28,0
DA:29,0
DA:32,1
DA:33,0
DA:34,0
DA:35,0
DA:36,0
DA:39,1
DA:40,0
DA:41,0
DA:42,0
DA:43,0
DA:44,0
DA:47,1
DA:48,0
DA:49,0
DA:50,0
DA:51,0
DA:54,1
LF:35
LH:15
BRF:0
BRH:0
end_of_record
TN:
SF:models\Todo.js
FNF:0
FNH:0
DA:1,1
DA:3,1
DA:19,1
DA:21,1
LF:4
LH:4
BRF:0
BRH:0
end_of_record
TN:
SF:utils\validators.js
FN:6,(anonymous_0)
FN:63,(anonymous_1)
FN:68,(anonymous_2)
FN:77,(anonymous_3)
FN:103,(anonymous_4)
FNF:5
FNH:5
FNDA:27,(anonymous_0)
FNDA:13,(anonymous_1)
FNDA:18,(anonymous_2)
FNDA:11,(anonymous_3)
FNDA:4,(anonymous_4)
DA:6,1
DA:7,27
DA:8,6
DA:11,21
DA:12,21
DA:13,3
DA:17,18
DA:18,18
DA:19,2
DA:22,16
DA:24,16
DA:25,2
DA:28,14
DA:29,3
DA:32,11
DA:34,2
DA:37,9
DA:38,9
DA:39,1
DA:42,8
DA:43,8
DA:45,8
DA:46,0
DA:49,8
DA:50,8
DA:51,8
DA:52,0
DA:55,8
DA:63,1
DA:64,13
DA:65,5
DA:68,18
DA:69,8
DA:77,1
DA:78,11
DA:80,11
DA:81,2
DA:84,9
DA:85,6
DA:88,9
DA:89,1
DA:92,9
DA:103,1
DA:104,4
DA:106,2
DA:115,1
LF:46
LH:44
BRDA:7,0,0,6
BRDA:7,0,1,21
BRDA:7,1,0,27
BRDA:7,1,1,25
BRDA:7,1,2,23
BRDA:12,2,0,3
BRDA:12,2,1,18
BRDA:17,3,0,18
BRDA:17,3,1,1
BRDA:18,4,0,2
BRDA:18,4,1,16
BRDA:24,5,0,2
BRDA:24,5,1,14
BRDA:24,6,0,16
BRDA:24,6,1,15
BRDA:24,6,2,14
BRDA:24,6,3,14
BRDA:28,7,0,3
BRDA:28,7,1,11
BRDA:28,8,0,14
BRDA:28,8,1,12
BRDA:32,9,0,2
BRDA:32,9,1,9
BRDA:32,10,0,11
BRDA:32,10,1,11
BRDA:32,10,2,11
BRDA:32,10,3,10
BRDA:37,11,0,9
BRDA:37,11,1,1
BRDA:38,12,0,1
BRDA:38,12,1,8
BRDA:45,13,0,0
BRDA:45,13,1,8
BRDA:45,14,0,8
BRDA:45,14,1,8
BRDA:51,15,0,0
BRDA:51,15,1,8
BRDA:51,16,0,8
BRDA:51,16,1,8
BRDA:64,17,0,5
BRDA:64,17,1,8
BRDA:64,18,0,13
BRDA:64,18,1,9
BRDA:68,19,0,18
BRDA:68,19,1,18
BRDA:80,20,0,2
BRDA:80,20,1,9
BRDA:84,21,0,6
BRDA:84,21,1,3
BRDA:84,22,0,9
BRDA:84,22,1,4
BRDA:84,22,2,4
BRDA:88,23,0,1
BRDA:88,23,1,8
BRDA:88,24,0,9
BRDA:88,24,1,4
BRDA:104,25,0,2
BRDA:104,25,1,2
BRDA:109,26,0,2
BRDA:109,26,1,2
BRF:60
BRH:58
end_of_record
